# JRE version: OpenJDK Runtime Environment (11.0.12+7) (build 11.0.12+7-b1504.28-7817840)
# Java VM: OpenJDK 64-Bit Server VM (11.0.12+7-b1504.28-7817840, mixed mode, tiered, compressed oops, g1 gc, windows-amd64)
Heap:
 garbage-first heap   total 227328K, used 169618K [0x0000000080000000, 0x0000000100000000)
  region size 1024K, 37 young (37888K), 2 survivors (2048K)
 Metaspace       used 146535K, capacity 150402K, committed 150604K, reserved 1179648K
  class space    used 17958K, capacity 19435K, committed 19532K, reserved 1048576K
GC Heap History (20 events):
Event: 2487.184 GC heap before
{Heap before GC invocations=95 (full 0):
 garbage-first heap   total 227328K, used 181653K [0x0000000080000000, 0x0000000100000000)
  region size 1024K, 41 young (41984K), 1 survivors (1024K)
 Metaspace       used 138068K, capacity 141531K, committed 141772K, reserved 1173504K
  class space    used 16957K, capacity 18280K, committed 18380K, reserved 1048576K
}
Event: 2487.230 GC heap after
{Heap after GC invocations=96 (full 0):
 garbage-first heap   total 227328K, used 147456K [0x0000000080000000, 0x0000000100000000)
  region size 1024K, 6 young (6144K), 6 survivors (6144K)
 Metaspace       used 138068K, capacity 141531K, committed 141772K, reserved 1173504K
  class space    used 16957K, capacity 18280K, committed 18380K, reserved 1048576K
}
Event: 2489.735 GC heap before
{Heap before GC invocations=97 (full 0):
 garbage-first heap   total 227328K, used 185344K [0x0000000080000000, 0x0000000100000000)
  region size 1024K, 44 young (45056K), 6 survivors (6144K)
 Metaspace       used 142363K, capacity 146139K, committed 146380K, reserved 1177600K
  class space    used 17454K, capacity 18868K, committed 18892K, reserved 1048576K
}
Event: 2489.759 GC heap after
{Heap after GC invocations=98 (full 0):
 garbage-first heap   total 227328K, used 148909K [0x0000000080000000, 0x0000000100000000)
  region size 1024K, 2 young (2048K), 2 survivors (2048K)
 Metaspace       used 142363K, capacity 146139K, committed 146380K, reserved 1177600K
  class space    used 17454K, capacity 18868K, committed 18892K, reserved 1048576K
}
Event: 2490.439 GC heap before
{Heap before GC invocations=98 (full 0):
 garbage-first heap   total 227328K, used 158125K [0x0000000080000000, 0x0000000100000000)
  region size 1024K, 11 young (11264K), 2 survivors (2048K)
 Metaspace       used 142808K, capacity 146606K, committed 146764K, reserved 1177600K
  class space    used 17493K, capacity 18926K, committed 19020K, reserved 1048576K
}
Event: 2490.460 GC heap after
{Heap after GC invocations=99 (full 0):
 garbage-first heap   total 227328K, used 141222K [0x0000000080000000, 0x0000000100000000)
  region size 1024K, 1 young (1024K), 1 survivors (1024K)
 Metaspace       used 142808K, capacity 146606K, committed 146764K, reserved 1177600K
  class space    used 17493K, capacity 18926K, committed 19020K, reserved 1048576K
}
Event: 2491.184 GC heap before
{Heap before GC invocations=99 (full 0):
 garbage-first heap   total 227328K, used 160678K [0x0000000080000000, 0x0000000100000000)
  region size 1024K, 22 young (22528K), 1 survivors (1024K)
 Metaspace       used 144156K, capacity 147904K, committed 148044K, reserved 1177600K
  class space    used 17772K, capacity 19217K, committed 19276K, reserved 1048576K
}
Event: 2491.217 GC heap after
{Heap after GC invocations=100 (full 0):
 garbage-first heap   total 227328K, used 145890K [0x0000000080000000, 0x0000000100000000)
  region size 1024K, 6 young (6144K), 6 survivors (6144K)
 Metaspace       used 144156K, capacity 147904K, committed 148044K, reserved 1177600K
  class space    used 17772K, capacity 19217K, committed 19276K, reserved 1048576K
}
Event: 2508.709 GC heap before
{Heap before GC invocations=101 (full 0):
 garbage-first heap   total 227328K, used 202210K [0x0000000080000000, 0x0000000100000000)
  region size 1024K, 44 young (45056K), 6 survivors (6144K)
 Metaspace       used 145800K, capacity 149533K, committed 150092K, reserved 1179648K
  class space    used 17916K, capacity 19365K, committed 19532K, reserved 1048576K
}
Event: 2508.717 GC heap after
{Heap after GC invocations=102 (full 0):
 garbage-first heap   total 227328K, used 143184K [0x0000000080000000, 0x0000000100000000)
  region size 1024K, 2 young (2048K), 2 survivors (2048K)
 Metaspace       used 145800K, capacity 149533K, committed 150092K, reserved 1179648K
  class space    used 17916K, capacity 19365K, committed 19532K, reserved 1048576K
}
Event: 2509.152 GC heap before
{Heap before GC invocations=102 (full 0):
 garbage-first heap   total 227328K, used 151376K [0x0000000080000000, 0x0000000100000000)
  region size 1024K, 11 young (11264K), 2 survivors (2048K)
 Metaspace       used 145806K, capacity 149533K, committed 150092K, reserved 1179648K
  class space    used 17916K, capacity 19365K, committed 19532K, reserved 1048576K
}
Event: 2509.167 GC heap after
{Heap after GC invocations=103 (full 0):
 garbage-first heap   total 227328K, used 137599K [0x0000000080000000, 0x0000000100000000)
  region size 1024K, 1 young (1024K), 1 survivors (1024K)
 Metaspace       used 145806K, capacity 149533K, committed 150092K, reserved 1179648K
  class space    used 17916K, capacity 19365K, committed 19532K, reserved 1048576K
}
Event: 2515.592 GC heap before
{Heap before GC invocations=103 (full 0):
 garbage-first heap   total 227328K, used 181631K [0x0000000080000000, 0x0000000100000000)
  region size 1024K, 45 young (46080K), 1 survivors (1024K)
 Metaspace       used 146120K, capacity 149931K, committed 150348K, reserved 1179648K
  class space    used 17942K, capacity 19406K, committed 19532K, reserved 1048576K
}
Event: 2515.613 GC heap after
{Heap after GC invocations=104 (full 0):
 garbage-first heap   total 227328K, used 142520K [0x0000000080000000, 0x0000000100000000)
  region size 1024K, 6 young (6144K), 6 survivors (6144K)
 Metaspace       used 146120K, capacity 149931K, committed 150348K, reserved 1179648K
  class space    used 17942K, capacity 19406K, committed 19532K, reserved 1048576K
}
Event: 2516.646 GC heap before
{Heap before GC invocations=105 (full 0):
 garbage-first heap   total 227328K, used 184504K [0x0000000080000000, 0x0000000100000000)
  region size 1024K, 48 young (49152K), 6 survivors (6144K)
 Metaspace       used 146179K, capacity 149931K, committed 150348K, reserved 1179648K
  class space    used 17942K, capacity 19405K, committed 19532K, reserved 1048576K
}
Event: 2516.662 GC heap after
{Heap after GC invocations=106 (full 0):
 garbage-first heap   total 227328K, used 144614K [0x0000000080000000, 0x0000000100000000)
  region size 1024K, 3 young (3072K), 3 survivors (3072K)
 Metaspace       used 146179K, capacity 149931K, committed 150348K, reserved 1179648K
  class space    used 17942K, capacity 19405K, committed 19532K, reserved 1048576K
}
Event: 2517.252 GC heap before
{Heap before GC invocations=106 (full 0):
 garbage-first heap   total 227328K, used 167142K [0x0000000080000000, 0x0000000100000000)
  region size 1024K, 11 young (11264K), 3 survivors (3072K)
 Metaspace       used 146197K, capacity 149931K, committed 150348K, reserved 1179648K
  class space    used 17942K, capacity 19405K, committed 19532K, reserved 1048576K
}
Event: 2517.287 GC heap after
{Heap after GC invocations=107 (full 0):
 garbage-first heap   total 227328K, used 134696K [0x0000000080000000, 0x0000000100000000)
  region size 1024K, 1 young (1024K), 1 survivors (1024K)
 Metaspace       used 146197K, capacity 149931K, committed 150348K, reserved 1179648K
  class space    used 17942K, capacity 19405K, committed 19532K, reserved 1048576K
}
Event: 3920.444 GC heap before
{Heap before GC invocations=107 (full 0):
 garbage-first heap   total 227328K, used 181800K [0x0000000080000000, 0x0000000100000000)
  region size 1024K, 48 young (49152K), 1 survivors (1024K)
 Metaspace       used 146256K, capacity 150010K, committed 150348K, reserved 1179648K
  class space    used 17944K, capacity 19408K, committed 19532K, reserved 1048576K
}
Event: 3920.457 GC heap after
{Heap after GC invocations=108 (full 0):
 garbage-first heap   total 227328K, used 135826K [0x0000000080000000, 0x0000000100000000)
  region size 1024K, 2 young (2048K), 2 survivors (2048K)
 Metaspace       used 146256K, capacity 150010K, committed 150348K, reserved 1179648K
  class space    used 17944K, capacity 19408K, committed 19532K, reserved 1048576K
}

